<?xml version="1.0" encoding="UTF-8"?>
<testsuite xmlns:xsi="http://www.w3.org/2001/XMLSchema-instance" xsi:noNamespaceSchemaLocation="https://maven.apache.org/surefire/maven-surefire-plugin/xsd/surefire-test-report.xsd" name="com.hkjava.codetest.AppTest" time="0.045" tests="1" errors="0" skipped="0" failures="0">
  <properties>
    <property name="java.specification.version" value="17"/>
    <property name="sun.cpu.isalist" value="amd64"/>
    <property name="sun.jnu.encoding" value="Cp1252"/>
    <property name="java.class.path" value="C:\Git\bootcamp\demo-maven\target\test-classes;C:\Git\bootcamp\demo-maven\target\classes;C:\Users\Eddie\.m2\repository\junit\junit\4.11\junit-4.11.jar;C:\Users\Eddie\.m2\repository\org\hamcrest\hamcrest-core\1.3\hamcrest-core-1.3.jar;C:\Users\Eddie\.m2\repository\org\projectlombok\lombok\1.18.30\lombok-1.18.30.jar;"/>
    <property name="java.vm.vendor" value="Azul Systems, Inc."/>
    <property name="sun.arch.data.model" value="64"/>
    <property name="user.variant" value=""/>
    <property name="java.vendor.url" value="http://www.azul.com/"/>
    <property name="user.timezone" value="Asia/Hong_Kong"/>
    <property name="os.name" value="Windows 11"/>
    <property name="java.vm.specification.version" value="17"/>
    <property name="sun.java.launcher" value="SUN_STANDARD"/>
    <property name="user.country" value="US"/>
    <property name="sun.boot.library.path" value="C:\bootcamp\zulu17.50.19-ca-jdk17.0.11-win_x64\zulu17.50.19-ca-jdk17.0.11-win_x64\bin"/>
    <property name="sun.java.command" value="C:\Users\Eddie\AppData\Local\Temp\surefire3460444400947454203\surefirebooter5907843610748245162.jar C:\Users\Eddie\AppData\Local\Temp\surefire3460444400947454203 2024-09-07T22-02-02_088-jvmRun1 surefire484734429817911804tmp surefire_015294131478293753634tmp"/>
    <property name="jdk.debug" value="release"/>
    <property name="surefire.test.class.path" value="C:\Git\bootcamp\demo-maven\target\test-classes;C:\Git\bootcamp\demo-maven\target\classes;C:\Users\Eddie\.m2\repository\junit\junit\4.11\junit-4.11.jar;C:\Users\Eddie\.m2\repository\org\hamcrest\hamcrest-core\1.3\hamcrest-core-1.3.jar;C:\Users\Eddie\.m2\repository\org\projectlombok\lombok\1.18.30\lombok-1.18.30.jar;"/>
    <property name="sun.cpu.endian" value="little"/>
    <property name="user.home" value="C:\Users\Eddie"/>
    <property name="user.language" value="en"/>
    <property name="java.specification.vendor" value="Oracle Corporation"/>
    <property name="java.version.date" value="2024-04-16"/>
    <property name="java.home" value="C:\bootcamp\zulu17.50.19-ca-jdk17.0.11-win_x64\zulu17.50.19-ca-jdk17.0.11-win_x64"/>
    <property name="file.separator" value="\"/>
    <property name="basedir" value="C:\Git\bootcamp\demo-maven"/>
    <property name="java.vm.compressedOopsMode" value="Zero based"/>
    <property name="line.separator" value="&#10;"/>
    <property name="java.vm.specification.vendor" value="Oracle Corporation"/>
    <property name="java.specification.name" value="Java Platform API Specification"/>
    <property name="surefire.real.class.path" value="C:\Users\Eddie\AppData\Local\Temp\surefire3460444400947454203\surefirebooter5907843610748245162.jar"/>
    <property name="user.script" value=""/>
    <property name="sun.management.compiler" value="HotSpot 64-Bit Tiered Compilers"/>
    <property name="java.runtime.version" value="17.0.11+9-LTS"/>
    <property name="user.name" value="Eddie"/>
    <property name="path.separator" value=";"/>
    <property name="os.version" value="10.0"/>
    <property name="java.runtime.name" value="OpenJDK Runtime Environment"/>
    <property name="file.encoding" value="Cp1252"/>
    <property name="java.vm.name" value="OpenJDK 64-Bit Server VM"/>
    <property name="java.vendor.version" value="Zulu17.50+19-CA"/>
    <property name="localRepository" value="C:\Users\Eddie\.m2\repository"/>
    <property name="java.vendor.url.bug" value="http://www.azul.com/support/"/>
    <property name="java.io.tmpdir" value="C:\Users\Eddie\AppData\Local\Temp\"/>
    <property name="java.version" value="17.0.11"/>
    <property name="user.dir" value="C:\Git\bootcamp\demo-maven"/>
    <property name="os.arch" value="amd64"/>
    <property name="java.vm.specification.name" value="Java Virtual Machine Specification"/>
    <property name="sun.os.patch.level" value=""/>
    <property name="native.encoding" value="Cp1252"/>
    <property name="java.library.path" value="C:\bootcamp\zulu17.50.19-ca-jdk17.0.11-win_x64\zulu17.50.19-ca-jdk17.0.11-win_x64\bin;C:\WINDOWS\Sun\Java\bin;C:\WINDOWS\system32;C:\WINDOWS;C:\Users\Eddie\bin;C:\Git\mingw64\bin;C:\Git\usr\local\bin;C:\Git\usr\bin;C:\Git\usr\bin;C:\Git\mingw64\bin;C:\Git\usr\bin;C:\Users\Eddie\bin;C:\bootcamp\zulu17.50.19-ca-jdk17.0.11-win_x64\zulu17.50.19-ca-jdk17.0.11-win_x64\bin;C:\apache-maven-3.9.6-bin\apache-maven-3.9.6\bin;C:\WINDOWS\system32;C:\WINDOWS;C:\WINDOWS\System32\Wbem;C:\WINDOWS\System32\WindowsPowerShell\v1.0;C:\WINDOWS\System32\OpenSSH;C:\Git\cmd;C:\Git\usr\bin;C:\bootcamp\zulu17.50.19-ca-jdk17.0.11-win_x64\zulu17.50.19-ca-jdk17.0.11-win_x64\bin;C:\Microsoft VS Code;C:\Program Files\MySQL\MySQL Shell 8.0\bin;C:\Users\Eddie\AppData\Local\Microsoft\WindowsApps;C:\Microsoft VS Code\bin;C:\bootcamp\zulu17.50.19-ca-jdk17.0.11-win_x64\zulu17.50.19-ca-jdk17.0.11-win_x64\bin;C:\Git\usr\bin\vendor_perl;C:\Git\usr\bin\core_perl;."/>
    <property name="java.vm.info" value="mixed mode, sharing"/>
    <property name="java.vendor" value="Azul Systems, Inc."/>
    <property name="java.vm.version" value="17.0.11+9-LTS"/>
    <property name="sun.io.unicode.encoding" value="UnicodeLittle"/>
    <property name="java.class.version" value="61.0"/>
  </properties>
  <testcase name="shouldAnswerWithTrue" classname="com.hkjava.codetest.AppTest" time="0.002"/>
</testsuite>